<?xml version="1.0" encoding="UTF-8"?>
<!-- Generated by org.testng.reporters.JUnitXMLReporter -->
<testsuite hostname="Sudhir" ignored="0" name="Dependency Test" tests="2" failures="1" timestamp="11 May 2020 11:23:45 GMT" time="0.025" errors="0">
  <testcase name="doUserRegistration" time="0.006" classname="testCases.TestCase3">
    <failure type="java.lang.AssertionError" message="User is not registered">
      <![CDATA[java.lang.AssertionError: User is not registered
at testCases.TestCase3.doUserRegistration(TestCase3.java:18)
... Removed 27 stack frames]]>
    </failure>
  </testcase> <!-- doUserRegistration -->
  <testcase name="doLogin" time="0.0" classname="testCases.TestCase3">
    <skipped/>
  </testcase> <!-- doLogin -->
</testsuite> <!-- Dependency Test -->
