<?xml version="1.0" encoding="UTF-8"?>
<!-- Generated by org.testng.reporters.JUnitXMLReporter -->
<testsuite hostname="Sudhir" ignored="0" name="ValidateTitle Test" tests="1" failures="1" timestamp="11 May 2020 11:23:45 GMT" time="0.018" errors="0">
  <testcase name="validateTitles" time="0.0" classname="testCases.TestCase2">
    <failure type="java.lang.AssertionError" message="Title not matching expected [Yahoo.com] but found [Gmail.com]">
      <![CDATA[java.lang.AssertionError: Title not matching expected [Yahoo.com] but found [Gmail.com]
at testCases.TestCase2.validateTitles(TestCase2.java:15)
... Removed 31 stack frames]]>
    </failure>
  </testcase> <!-- validateTitles -->
</testsuite> <!-- ValidateTitle Test -->
